Train on 4969 samples, validate on 553 samples
Epoch 1/100
2018-11-22 19:24:30.800683: I tensorflow/core/platform/cpu_feature_guard.cc:137] Your CPU supports instructions that this TensorFlow binary was not compiled to use: SSE4.1 SSE4.2 AVX AVX2 FMA
2018-11-22 19:24:31.049825: I tensorflow/core/common_runtime/gpu/gpu_device.cc:1030] Found device 0 with properties: 
name: GeForce GTX 1080 Ti major: 6 minor: 1 memoryClockRate(GHz): 1.62
pciBusID: 0000:03:00.0
totalMemory: 10.92GiB freeMemory: 10.76GiB
2018-11-22 19:24:31.049884: I tensorflow/core/common_runtime/gpu/gpu_device.cc:1120] Creating TensorFlow device (/device:GPU:0) -> (device: 0, name: GeForce GTX 1080 Ti, pci bus id: 0000:03:00.0, compute capability: 6.1)
4928/4969 [============================>.] - ETA: 0s - loss: 0.6855 - acc: 0.5483 — val_f1: 0.660167 — val_precision: 0.522026 — val_recall 0.897727
4969/4969 [==============================] - 30s 6ms/step - loss: 0.6854 - acc: 0.5488 - val_loss: 0.6823 - val_acc: 0.5588
Epoch 2/100
4928/4969 [============================>.] - ETA: 0s - loss: 0.6560 - acc: 0.6104 — val_f1: 0.644714 — val_precision: 0.594249 — val_recall 0.704545
4969/4969 [==============================] - 27s 5ms/step - loss: 0.6562 - acc: 0.6106 - val_loss: 0.6457 - val_acc: 0.6293
Epoch 3/100
4928/4969 [============================>.] - ETA: 0s - loss: 0.6206 - acc: 0.6358 — val_f1: 0.637523 — val_precision: 0.614035 — val_recall 0.662879
4969/4969 [==============================] - 27s 5ms/step - loss: 0.6205 - acc: 0.6359 - val_loss: 0.5958 - val_acc: 0.6401
Epoch 4/100
4928/4969 [============================>.] - ETA: 0s - loss: 0.5693 - acc: 0.6542 — val_f1: 0.647658 — val_precision: 0.700441 — val_recall 0.602273
4969/4969 [==============================] - 26s 5ms/step - loss: 0.5687 - acc: 0.6549 - val_loss: 0.5352 - val_acc: 0.6872
Epoch 5/100
4928/4969 [============================>.] - ETA: 0s - loss: 0.5306 - acc: 0.6909 — val_f1: 0.732965 — val_precision: 0.713262 — val_recall 0.753788
4969/4969 [==============================] - 26s 5ms/step - loss: 0.5305 - acc: 0.6923 - val_loss: 0.5149 - val_acc: 0.7378
Epoch 6/100
4928/4969 [============================>.] - ETA: 0s - loss: 0.5011 - acc: 0.7403 — val_f1: 0.716000 — val_precision: 0.758475 — val_recall 0.678030
4969/4969 [==============================] - 26s 5ms/step - loss: 0.5018 - acc: 0.7394 - val_loss: 0.5152 - val_acc: 0.7432
Epoch 7/100
4928/4969 [============================>.] - ETA: 0s - loss: 0.4650 - acc: 0.7770 — val_f1: 0.755556 — val_precision: 0.739130 — val_recall 0.772727
4969/4969 [==============================] - 26s 5ms/step - loss: 0.4650 - acc: 0.7768 - val_loss: 0.5047 - val_acc: 0.7613
Epoch 8/100
4928/4969 [============================>.] - ETA: 0s - loss: 0.4191 - acc: 0.8046 — val_f1: 0.759259 — val_precision: 0.742754 — val_recall 0.776515
4969/4969 [==============================] - 25s 5ms/step - loss: 0.4196 - acc: 0.8038 - val_loss: 0.5263 - val_acc: 0.7649
Epoch 9/100
4928/4969 [============================>.] - ETA: 0s - loss: 0.3932 - acc: 0.8168 — val_f1: 0.758497 — val_precision: 0.718644 — val_recall 0.803030
4969/4969 [==============================] - 26s 5ms/step - loss: 0.3936 - acc: 0.8163 - val_loss: 0.5050 - val_acc: 0.7559
Epoch 10/100
4928/4969 [============================>.] - ETA: 0s - loss: 0.3524 - acc: 0.8389 — val_f1: 0.755382 — val_precision: 0.781377 — val_recall 0.731061
4969/4969 [==============================] - 26s 5ms/step - loss: 0.3521 - acc: 0.8394 - val_loss: 0.5102 - val_acc: 0.7740
Epoch 11/100
4928/4969 [============================>.] - ETA: 0s - loss: 0.3149 - acc: 0.8628 — val_f1: 0.768939 — val_precision: 0.768939 — val_recall 0.768939
4969/4969 [==============================] - 27s 5ms/step - loss: 0.3154 - acc: 0.8625 - val_loss: 0.4751 - val_acc: 0.7794
Epoch 12/100
4928/4969 [============================>.] - ETA: 0s - loss: 0.2802 - acc: 0.8801 — val_f1: 0.787004 — val_precision: 0.751724 — val_recall 0.825758
4969/4969 [==============================] - 27s 5ms/step - loss: 0.2802 - acc: 0.8799 - val_loss: 0.5267 - val_acc: 0.7866
Epoch 13/100
4928/4969 [============================>.] - ETA: 0s - loss: 0.2368 - acc: 0.9028 — val_f1: 0.783582 — val_precision: 0.772059 — val_recall 0.795455
4969/4969 [==============================] - 26s 5ms/step - loss: 0.2361 - acc: 0.9028 - val_loss: 0.5350 - val_acc: 0.7902
Epoch 14/100
4928/4969 [============================>.] - ETA: 0s - loss: 0.2044 - acc: 0.9192 — val_f1: 0.807143 — val_precision: 0.763514 — val_recall 0.856061
4969/4969 [==============================] - 27s 5ms/step - loss: 0.2042 - acc: 0.9195 - val_loss: 0.5461 - val_acc: 0.8047
Epoch 15/100
4928/4969 [============================>.] - ETA: 0s - loss: 0.1578 - acc: 0.9436 — val_f1: 0.821622 — val_precision: 0.783505 — val_recall 0.863636
4969/4969 [==============================] - 27s 5ms/step - loss: 0.1583 - acc: 0.9432 - val_loss: 0.5282 - val_acc: 0.8210
Epoch 16/100
4928/4969 [============================>.] - ETA: 0s - loss: 0.1357 - acc: 0.9497 — val_f1: 0.822669 — val_precision: 0.795053 — val_recall 0.852273
4969/4969 [==============================] - 27s 5ms/step - loss: 0.1363 - acc: 0.9495 - val_loss: 0.5263 - val_acc: 0.8246
Epoch 17/100
4928/4969 [============================>.] - ETA: 0s - loss: 0.1353 - acc: 0.9509 — val_f1: 0.834532 — val_precision: 0.794521 — val_recall 0.878788
4969/4969 [==============================] - 27s 5ms/step - loss: 0.1351 - acc: 0.9509 - val_loss: 0.5617 - val_acc: 0.8336
Epoch 18/100
4928/4969 [============================>.] - ETA: 0s - loss: 0.1040 - acc: 0.9690 — val_f1: 0.824399 — val_precision: 0.805054 — val_recall 0.844697
4969/4969 [==============================] - 27s 5ms/step - loss: 0.1037 - acc: 0.9690 - val_loss: 0.5732 - val_acc: 0.8282
Epoch 19/100
4928/4969 [============================>.] - ETA: 0s - loss: 0.0886 - acc: 0.9728 — val_f1: 0.824593 — val_precision: 0.788927 — val_recall 0.863636
4969/4969 [==============================] - 27s 5ms/step - loss: 0.0889 - acc: 0.9728 - val_loss: 0.6075 - val_acc: 0.8246
Epoch 20/100
4928/4969 [============================>.] - ETA: 0s - loss: 0.0828 - acc: 0.9742 — val_f1: 0.838590 — val_precision: 0.821818 — val_recall 0.856061
4969/4969 [==============================] - 27s 5ms/step - loss: 0.0823 - acc: 0.9744 - val_loss: 0.5457 - val_acc: 0.8427
Epoch 21/100
4928/4969 [============================>.] - ETA: 0s - loss: 0.0679 - acc: 0.9787 — val_f1: 0.822878 — val_precision: 0.802158 — val_recall 0.844697
4969/4969 [==============================] - 27s 5ms/step - loss: 0.0677 - acc: 0.9789 - val_loss: 0.6483 - val_acc: 0.8264
Epoch 22/100
4928/4969 [============================>.] - ETA: 0s - loss: 0.0706 - acc: 0.9779 — val_f1: 0.832413 — val_precision: 0.810036 — val_recall 0.856061
4969/4969 [==============================] - 27s 5ms/step - loss: 0.0704 - acc: 0.9779 - val_loss: 0.6167 - val_acc: 0.8354
Epoch 23/100
4928/4969 [============================>.] - ETA: 0s - loss: 0.0626 - acc: 0.9817 — val_f1: 0.823315 — val_precision: 0.792982 — val_recall 0.856061
4969/4969 [==============================] - 27s 5ms/step - loss: 0.0622 - acc: 0.9819 - val_loss: 0.6368 - val_acc: 0.8246
Epoch 24/100
4928/4969 [============================>.] - ETA: 0s - loss: 0.0586 - acc: 0.9811 — val_f1: 0.828996 — val_precision: 0.813869 — val_recall 0.844697
4969/4969 [==============================] - 27s 5ms/step - loss: 0.0590 - acc: 0.9811 - val_loss: 0.6572 - val_acc: 0.8336
Epoch 25/100
4928/4969 [============================>.] - ETA: 0s - loss: 0.0576 - acc: 0.9821 — val_f1: 0.837294 — val_precision: 0.809187 — val_recall 0.867424
4969/4969 [==============================] - 26s 5ms/step - loss: 0.0572 - acc: 0.9823 - val_loss: 0.6271 - val_acc: 0.8391
Epoch 26/100
4928/4969 [============================>.] - ETA: 0s - loss: 0.0417 - acc: 0.9876 — val_f1: 0.833638 — val_precision: 0.805654 — val_recall 0.863636
4969/4969 [==============================] - 27s 5ms/step - loss: 0.0415 - acc: 0.9877 - val_loss: 0.6127 - val_acc: 0.8354
Epoch 27/100
4928/4969 [============================>.] - ETA: 0s - loss: 0.0375 - acc: 0.9884 — val_f1: 0.838475 — val_precision: 0.804878 — val_recall 0.875000
4969/4969 [==============================] - 27s 5ms/step - loss: 0.0374 - acc: 0.9885 - val_loss: 0.6522 - val_acc: 0.8391
Epoch 28/100
4928/4969 [============================>.] - ETA: 0s - loss: 0.0390 - acc: 0.9866 — val_f1: 0.837037 — val_precision: 0.818841 — val_recall 0.856061
4969/4969 [==============================] - 27s 5ms/step - loss: 0.0388 - acc: 0.9867 - val_loss: 0.6625 - val_acc: 0.8409
Epoch 29/100
4928/4969 [============================>.] - ETA: 0s - loss: 0.0321 - acc: 0.9892 — val_f1: 0.837383 — val_precision: 0.826568 — val_recall 0.848485
4969/4969 [==============================] - 27s 5ms/step - loss: 0.0325 - acc: 0.9891 - val_loss: 0.7012 - val_acc: 0.8427
Epoch 30/100
4928/4969 [============================>.] - ETA: 0s - loss: 0.0272 - acc: 0.9919 — val_f1: 0.839416 — val_precision: 0.809859 — val_recall 0.871212
4969/4969 [==============================] - 27s 5ms/step - loss: 0.0271 - acc: 0.9920 - val_loss: 0.6651 - val_acc: 0.8409
Epoch 31/100
4928/4969 [============================>.] - ETA: 0s - loss: 0.0299 - acc: 0.9907 — val_f1: 0.831216 — val_precision: 0.797909 — val_recall 0.867424
4969/4969 [==============================] - 26s 5ms/step - loss: 0.0299 - acc: 0.9905 - val_loss: 0.6971 - val_acc: 0.8318
Epoch 32/100
4928/4969 [============================>.] - ETA: 0s - loss: 0.0301 - acc: 0.9888 — val_f1: 0.832117 — val_precision: 0.802817 — val_recall 0.863636
4969/4969 [==============================] - 28s 6ms/step - loss: 0.0298 - acc: 0.9889 - val_loss: 0.7670 - val_acc: 0.8336
Epoch 33/100
4928/4969 [============================>.] - ETA: 0s - loss: 0.0303 - acc: 0.9886 — val_f1: 0.854512 — val_precision: 0.831541 — val_recall 0.878788
4969/4969 [==============================] - 27s 6ms/step - loss: 0.0301 - acc: 0.9887 - val_loss: 0.6487 - val_acc: 0.8571
Epoch 34/100
4928/4969 [============================>.] - ETA: 0s - loss: 0.0265 - acc: 0.9917 — val_f1: 0.832714 — val_precision: 0.817518 — val_recall 0.848485
4969/4969 [==============================] - 26s 5ms/step - loss: 0.0267 - acc: 0.9915 - val_loss: 0.7080 - val_acc: 0.8373
Epoch 35/100
4928/4969 [============================>.] - ETA: 0s - loss: 0.0225 - acc: 0.9925 — val_f1: 0.849624 — val_precision: 0.843284 — val_recall 0.856061
4969/4969 [==============================] - 26s 5ms/step - loss: 0.0225 - acc: 0.9924 - val_loss: 0.6765 - val_acc: 0.8553
Epoch 36/100
4928/4969 [============================>.] - ETA: 0s - loss: 0.0193 - acc: 0.9937 — val_f1: 0.849365 — val_precision: 0.815331 — val_recall 0.886364
4969/4969 [==============================] - 26s 5ms/step - loss: 0.0192 - acc: 0.9938 - val_loss: 0.7253 - val_acc: 0.8499
Epoch 37/100
4928/4969 [============================>.] - ETA: 0s - loss: 0.0236 - acc: 0.9917 — val_f1: 0.839319 — val_precision: 0.837736 — val_recall 0.840909
4969/4969 [==============================] - 26s 5ms/step - loss: 0.0239 - acc: 0.9915 - val_loss: 0.7497 - val_acc: 0.8463
Epoch 38/100
4928/4969 [============================>.] - ETA: 0s - loss: 0.0256 - acc: 0.9919 — val_f1: 0.831826 — val_precision: 0.795848 — val_recall 0.871212
4969/4969 [==============================] - 26s 5ms/step - loss: 0.0255 - acc: 0.9920 - val_loss: 0.8432 - val_acc: 0.8318
Epoch 39/100
4928/4969 [============================>.] - ETA: 0s - loss: 0.0404 - acc: 0.9852 — val_f1: 0.857664 — val_precision: 0.827465 — val_recall 0.890152
4969/4969 [==============================] - 26s 5ms/step - loss: 0.0401 - acc: 0.9853 - val_loss: 0.6599 - val_acc: 0.8590
Epoch 40/100
4928/4969 [============================>.] - ETA: 0s - loss: 0.0295 - acc: 0.9905 — val_f1: 0.839187 — val_precision: 0.819495 — val_recall 0.859848
4969/4969 [==============================] - 26s 5ms/step - loss: 0.0297 - acc: 0.9901 - val_loss: 0.7088 - val_acc: 0.8427
Epoch 41/100
4928/4969 [============================>.] - ETA: 0s - loss: 0.0208 - acc: 0.9933 — val_f1: 0.858736 — val_precision: 0.843066 — val_recall 0.875000
4969/4969 [==============================] - 26s 5ms/step - loss: 0.0208 - acc: 0.9932 - val_loss: 0.7046 - val_acc: 0.8626
Epoch 42/100
4928/4969 [============================>.] - ETA: 0s - loss: 0.0140 - acc: 0.9955 — val_f1: 0.856089 — val_precision: 0.834532 — val_recall 0.878788
4969/4969 [==============================] - 27s 6ms/step - loss: 0.0140 - acc: 0.9956 - val_loss: 0.6702 - val_acc: 0.8590
Epoch 43/100
4928/4969 [============================>.] - ETA: 0s - loss: 0.0119 - acc: 0.9953 — val_f1: 0.838951 — val_precision: 0.829630 — val_recall 0.848485
4969/4969 [==============================] - 27s 5ms/step - loss: 0.0119 - acc: 0.9954 - val_loss: 0.7072 - val_acc: 0.8445
Epoch 44/100
4928/4969 [============================>.] - ETA: 0s - loss: 0.0097 - acc: 0.9970 — val_f1: 0.843462 — val_precision: 0.820789 — val_recall 0.867424
4969/4969 [==============================] - 27s 6ms/step - loss: 0.0103 - acc: 0.9968 - val_loss: 0.7404 - val_acc: 0.8463
Epoch 45/100
4928/4969 [============================>.] - ETA: 0s - loss: 0.0102 - acc: 0.9968 — val_f1: 0.844860 — val_precision: 0.833948 — val_recall 0.856061
4969/4969 [==============================] - 26s 5ms/step - loss: 0.0102 - acc: 0.9968 - val_loss: 0.7230 - val_acc: 0.8499
Epoch 46/100
4928/4969 [============================>.] - ETA: 0s - loss: 0.0105 - acc: 0.9959 — val_f1: 0.864564 — val_precision: 0.847273 — val_recall 0.882576
4969/4969 [==============================] - 26s 5ms/step - loss: 0.0104 - acc: 0.9960 - val_loss: 0.7564 - val_acc: 0.8680
Epoch 47/100
4928/4969 [============================>.] - ETA: 0s - loss: 0.0103 - acc: 0.9963 — val_f1: 0.858716 — val_precision: 0.832740 — val_recall 0.886364
4969/4969 [==============================] - 26s 5ms/step - loss: 0.0103 - acc: 0.9964 - val_loss: 0.7178 - val_acc: 0.8608
Epoch 48/100
4928/4969 [============================>.] - ETA: 0s - loss: 0.0077 - acc: 0.9978 — val_f1: 0.849265 — val_precision: 0.825000 — val_recall 0.875000
4969/4969 [==============================] - 26s 5ms/step - loss: 0.0086 - acc: 0.9976 - val_loss: 0.7673 - val_acc: 0.8517
Epoch 49/100
4928/4969 [============================>.] - ETA: 0s - loss: 0.0085 - acc: 0.9966 — val_f1: 0.848708 — val_precision: 0.827338 — val_recall 0.871212
4969/4969 [==============================] - 25s 5ms/step - loss: 0.0085 - acc: 0.9966 - val_loss: 0.7616 - val_acc: 0.8517
Epoch 50/100
4928/4969 [============================>.] - ETA: 0s - loss: 0.0075 - acc: 0.9972 — val_f1: 0.860806 — val_precision: 0.833333 — val_recall 0.890152
4969/4969 [==============================] - 26s 5ms/step - loss: 0.0075 - acc: 0.9972 - val_loss: 0.7354 - val_acc: 0.8626
Epoch 51/100
4928/4969 [============================>.] - ETA: 0s - loss: 0.0085 - acc: 0.9972 — val_f1: 0.842884 — val_precision: 0.823105 — val_recall 0.863636
4969/4969 [==============================] - 27s 5ms/step - loss: 0.0085 - acc: 0.9972 - val_loss: 0.7720 - val_acc: 0.8463
Epoch 52/100
4928/4969 [============================>.] - ETA: 0s - loss: 0.0062 - acc: 0.9984 — val_f1: 0.838951 — val_precision: 0.829630 — val_recall 0.848485
4969/4969 [==============================] - 27s 5ms/step - loss: 0.0062 - acc: 0.9984 - val_loss: 0.8161 - val_acc: 0.8445
Epoch 53/100
4928/4969 [============================>.] - ETA: 0s - loss: 0.0069 - acc: 0.9976 — val_f1: 0.848030 — val_precision: 0.840149 — val_recall 0.856061
4969/4969 [==============================] - 26s 5ms/step - loss: 0.0069 - acc: 0.9976 - val_loss: 0.7862 - val_acc: 0.8535
Epoch 54/100
4928/4969 [============================>.] - ETA: 0s - loss: 0.0070 - acc: 0.9972 — val_f1: 0.849722 — val_precision: 0.832727 — val_recall 0.867424
4969/4969 [==============================] - 27s 5ms/step - loss: 0.0075 - acc: 0.9970 - val_loss: 0.8282 - val_acc: 0.8535
Epoch 55/100
4928/4969 [============================>.] - ETA: 0s - loss: 0.0474 - acc: 0.9848 — val_f1: 0.823529 — val_precision: 0.800000 — val_recall 0.848485
4969/4969 [==============================] - 27s 5ms/step - loss: 0.0475 - acc: 0.9847 - val_loss: 0.7738 - val_acc: 0.8264
Epoch 56/100
4928/4969 [============================>.] - ETA: 0s - loss: 0.0763 - acc: 0.9722 — val_f1: 0.827586 — val_precision: 0.794425 — val_recall 0.863636
4969/4969 [==============================] - 27s 5ms/step - loss: 0.0757 - acc: 0.9724 - val_loss: 0.7254 - val_acc: 0.8282
Epoch 57/100
4928/4969 [============================>.] - ETA: 0s - loss: 0.0269 - acc: 0.9892 — val_f1: 0.857143 — val_precision: 0.829787 — val_recall 0.886364
4969/4969 [==============================] - 27s 5ms/step - loss: 0.0268 - acc: 0.9893 - val_loss: 0.7432 - val_acc: 0.8590
Epoch 58/100
4928/4969 [============================>.] - ETA: 0s - loss: 0.0180 - acc: 0.9945 — val_f1: 0.836158 — val_precision: 0.831461 — val_recall 0.840909
4969/4969 [==============================] - 27s 5ms/step - loss: 0.0183 - acc: 0.9944 - val_loss: 0.7125 - val_acc: 0.8427
Epoch 59/100
4928/4969 [============================>.] - ETA: 0s - loss: 0.0088 - acc: 0.9972 — val_f1: 0.858716 — val_precision: 0.832740 — val_recall 0.886364
4969/4969 [==============================] - 27s 5ms/step - loss: 0.0087 - acc: 0.9972 - val_loss: 0.6891 - val_acc: 0.8608
Epoch 60/100
4928/4969 [============================>.] - ETA: 0s - loss: 0.0072 - acc: 0.9978 — val_f1: 0.840525 — val_precision: 0.832714 — val_recall 0.848485
4969/4969 [==============================] - 27s 5ms/step - loss: 0.0072 - acc: 0.9978 - val_loss: 0.7284 - val_acc: 0.8463
Epoch 61/100
4928/4969 [============================>.] - ETA: 0s - loss: 0.0050 - acc: 0.9988 — val_f1: 0.844444 — val_precision: 0.826087 — val_recall 0.863636
4969/4969 [==============================] - 27s 5ms/step - loss: 0.0050 - acc: 0.9988 - val_loss: 0.7281 - val_acc: 0.8481
Epoch 62/100
4928/4969 [============================>.] - ETA: 0s - loss: 0.0091 - acc: 0.9970 — val_f1: 0.834559 — val_precision: 0.810714 — val_recall 0.859848
4969/4969 [==============================] - 27s 5ms/step - loss: 0.0090 - acc: 0.9970 - val_loss: 0.7638 - val_acc: 0.8373
Epoch 63/100
4928/4969 [============================>.] - ETA: 0s - loss: 0.0145 - acc: 0.9951 — val_f1: 0.822642 — val_precision: 0.819549 — val_recall 0.825758
4969/4969 [==============================] - 27s 5ms/step - loss: 0.0144 - acc: 0.9952 - val_loss: 0.7716 - val_acc: 0.8300
Epoch 64/100
4928/4969 [============================>.] - ETA: 0s - loss: 0.0147 - acc: 0.9951 — val_f1: 0.827068 — val_precision: 0.820896 — val_recall 0.833333
4969/4969 [==============================] - 27s 5ms/step - loss: 0.0146 - acc: 0.9952 - val_loss: 0.7440 - val_acc: 0.8336
Epoch 65/100
4928/4969 [============================>.] - ETA: 0s - loss: 0.0129 - acc: 0.9970^B — val_f1: 0.832090 — val_precision: 0.819853 — val_recall 0.844697
4969/4969 [==============================] - 27s 5ms/step - loss: 0.0128 - acc: 0.9970 - val_loss: 0.7370 - val_acc: 0.8373
Epoch 66/100
4928/4969 [============================>.] - ETA: 0s - loss: 0.0064 - acc: 0.9984 — val_f1: 0.835490 — val_precision: 0.815884 — val_recall 0.856061
4969/4969 [==============================] - 27s 5ms/step - loss: 0.0063 - acc: 0.9984 - val_loss: 0.7712 - val_acc: 0.8391
Epoch 67/100
4928/4969 [============================>.] - ETA: 0s - loss: 0.0049 - acc: 0.9986 — val_f1: 0.860853 — val_precision: 0.843636 — val_recall 0.878788
4969/4969 [==============================] - 27s 5ms/step - loss: 0.0049 - acc: 0.9986 - val_loss: 0.7233 - val_acc: 0.8644
Epoch 68/100
4928/4969 [============================>.] - ETA: 0s - loss: 0.0061 - acc: 0.9978 — val_f1: 0.840367 — val_precision: 0.814947 — val_recall 0.867424
4969/4969 [==============================] - 27s 5ms/step - loss: 0.0060 - acc: 0.9978 - val_loss: 0.7894 - val_acc: 0.8427
Epoch 69/100
4928/4969 [============================>.] - ETA: 0s - loss: 0.0047 - acc: 0.9982 — val_f1: 0.847584 — val_precision: 0.832117 — val_recall 0.863636
4969/4969 [==============================] - 27s 5ms/step - loss: 0.0047 - acc: 0.9982 - val_loss: 0.7913 - val_acc: 0.8517
Epoch 70/100
4928/4969 [============================>.] - ETA: 0s - loss: 0.0039 - acc: 0.9990 — val_f1: 0.838235 — val_precision: 0.814286 — val_recall 0.863636
4969/4969 [==============================] - 27s 5ms/step - loss: 0.0038 - acc: 0.9990 - val_loss: 0.8286 - val_acc: 0.8409
Epoch 71/100
4928/4969 [============================>.] - ETA: 0s - loss: 0.0051 - acc: 0.9982 — val_f1: 0.839552 — val_precision: 0.827206 — val_recall 0.852273
4969/4969 [==============================] - 27s 5ms/step - loss: 0.0056 - acc: 0.9980 - val_loss: 0.8339 - val_acc: 0.8445
Epoch 72/100
4928/4969 [============================>.] - ETA: 0s - loss: 0.0030 - acc: 0.9992 — val_f1: 0.838828 — val_precision: 0.812057 — val_recall 0.867424
4969/4969 [==============================] - 27s 5ms/step - loss: 0.0030 - acc: 0.9992 - val_loss: 0.8528 - val_acc: 0.8409
Epoch 73/100
4928/4969 [============================>.] - ETA: 0s - loss: 0.0053 - acc: 0.9980 — val_f1: 0.837989 — val_precision: 0.824176 — val_recall 0.852273
4969/4969 [==============================] - 27s 5ms/step - loss: 0.0053 - acc: 0.9980 - val_loss: 0.8419 - val_acc: 0.8427
Epoch 74/100
4928/4969 [============================>.] - ETA: 0s - loss: 0.0036 - acc: 0.9986 — val_f1: 0.834244 — val_precision: 0.803509 — val_recall 0.867424
4969/4969 [==============================] - 27s 5ms/step - loss: 0.0036 - acc: 0.9986 - val_loss: 0.8856 - val_acc: 0.8354
Epoch 75/100
4928/4969 [============================>.] - ETA: 0s - loss: 0.0037 - acc: 0.9980 — val_f1: 0.849722 — val_precision: 0.832727 — val_recall 0.867424
4969/4969 [==============================] - 27s 5ms/step - loss: 0.0037 - acc: 0.9980 - val_loss: 0.8144 - val_acc: 0.8535
Epoch 76/100
4928/4969 [============================>.] - ETA: 0s - loss: 0.0037 - acc: 0.9988 — val_f1: 0.842301 — val_precision: 0.825455 — val_recall 0.859848
4969/4969 [==============================] - 27s 5ms/step - loss: 0.0037 - acc: 0.9988 - val_loss: 0.8240 - val_acc: 0.8463
Epoch 77/100
4928/4969 [============================>.] - ETA: 0s - loss: 0.0039 - acc: 0.9990 — val_f1: 0.847584 — val_precision: 0.832117 — val_recall 0.863636
4969/4969 [==============================] - 27s 5ms/step - loss: 0.0038 - acc: 0.9990 - val_loss: 0.8441 - val_acc: 0.8517
Epoch 78/100
4928/4969 [============================>.] - ETA: 0s - loss: 0.0036 - acc: 0.9986 — val_f1: 0.839187 — val_precision: 0.819495 — val_recall 0.859848
4969/4969 [==============================] - 27s 5ms/step - loss: 0.0037 - acc: 0.9986 - val_loss: 0.8803 - val_acc: 0.8427
Epoch 79/100
4928/4969 [============================>.] - ETA: 0s - loss: 0.0031 - acc: 0.9992 — val_f1: 0.854478 — val_precision: 0.841912 — val_recall 0.867424
4969/4969 [==============================] - 26s 5ms/step - loss: 0.0031 - acc: 0.9992 - val_loss: 0.8404 - val_acc: 0.8590
Epoch 80/100
4928/4969 [============================>.] - ETA: 0s - loss: 0.0030 - acc: 0.9992 — val_f1: 0.848708 — val_precision: 0.827338 — val_recall 0.871212
4969/4969 [==============================] - 26s 5ms/step - loss: 0.0030 - acc: 0.9992 - val_loss: 0.8731 - val_acc: 0.8517

