Train on 5123 samples, validate on 570 samples
Epoch 1/100
2018-11-23 04:38:40.374494: I tensorflow/core/platform/cpu_feature_guard.cc:137] Your CPU supports instructions that this TensorFlow binary was not compiled to use: SSE4.1 SSE4.2 AVX AVX2 FMA
2018-11-23 04:38:42.061939: I tensorflow/core/common_runtime/gpu/gpu_device.cc:1030] Found device 0 with properties: 
name: GeForce GTX 1080 Ti major: 6 minor: 1 memoryClockRate(GHz): 1.62
pciBusID: 0000:03:00.0
totalMemory: 10.92GiB freeMemory: 324.50MiB
2018-11-23 04:38:42.061980: I tensorflow/core/common_runtime/gpu/gpu_device.cc:1120] Creating TensorFlow device (/device:GPU:0) -> (device: 0, name: GeForce GTX 1080 Ti, pci bus id: 0000:03:00.0, compute capability: 6.1)
5120/5123 [============================>.] - ETA: 0s - loss: 0.6875 - acc: 0.5297 — val_f1: 0.439516 — val_precision: 0.561856 — val_recall 0.360927
5123/5123 [==============================] - 24s 5ms/step - loss: 0.6876 - acc: 0.5296 - val_loss: 0.6963 - val_acc: 0.5123
Epoch 2/100
5120/5123 [============================>.] - ETA: 0s - loss: 0.6746 - acc: 0.5723 — val_f1: 0.413646 — val_precision: 0.580838 — val_recall 0.321192
5123/5123 [==============================] - 20s 4ms/step - loss: 0.6746 - acc: 0.5723 - val_loss: 0.6954 - val_acc: 0.5175
Epoch 3/100
5120/5123 [============================>.] - ETA: 0s - loss: 0.6610 - acc: 0.6035 — val_f1: 0.529946 — val_precision: 0.586345 — val_recall 0.483444
5123/5123 [==============================] - 20s 4ms/step - loss: 0.6610 - acc: 0.6036 - val_loss: 0.6872 - val_acc: 0.5456
Epoch 4/100
5120/5123 [============================>.] - ETA: 0s - loss: 0.6422 - acc: 0.6162 — val_f1: 0.631579 — val_precision: 0.593023 — val_recall 0.675497
5123/5123 [==============================] - 21s 4ms/step - loss: 0.6422 - acc: 0.6162 - val_loss: 0.6735 - val_acc: 0.5825
Epoch 5/100
5120/5123 [============================>.] - ETA: 0s - loss: 0.6172 - acc: 0.6396 — val_f1: 0.656977 — val_precision: 0.585492 — val_recall 0.748344
5123/5123 [==============================] - 21s 4ms/step - loss: 0.6170 - acc: 0.6399 - val_loss: 0.6919 - val_acc: 0.5860
Epoch 6/100
5120/5123 [============================>.] - ETA: 0s - loss: 0.5817 - acc: 0.6678 — val_f1: 0.611765 — val_precision: 0.621160 — val_recall 0.602649
5123/5123 [==============================] - 21s 4ms/step - loss: 0.5816 - acc: 0.6680 - val_loss: 0.7013 - val_acc: 0.5947
Epoch 7/100
5120/5123 [============================>.] - ETA: 0s - loss: 0.5385 - acc: 0.7248 — val_f1: 0.698246 — val_precision: 0.742537 — val_recall 0.658940
5123/5123 [==============================] - 21s 4ms/step - loss: 0.5385 - acc: 0.7248 - val_loss: 0.5868 - val_acc: 0.6982
Epoch 8/100
5120/5123 [============================>.] - ETA: 0s - loss: 0.4759 - acc: 0.7727 — val_f1: 0.703259 — val_precision: 0.729537 — val_recall 0.678808
5123/5123 [==============================] - 21s 4ms/step - loss: 0.4759 - acc: 0.7726 - val_loss: 0.6351 - val_acc: 0.6965
Epoch 9/100
5120/5123 [============================>.] - ETA: 0s - loss: 0.4511 - acc: 0.7945 — val_f1: 0.724590 — val_precision: 0.717532 — val_recall 0.731788
5123/5123 [==============================] - 21s 4ms/step - loss: 0.4511 - acc: 0.7945 - val_loss: 0.5746 - val_acc: 0.7053
Epoch 10/100
5120/5123 [============================>.] - ETA: 0s - loss: 0.3872 - acc: 0.8307 — val_f1: 0.737024 — val_precision: 0.771739 — val_recall 0.705298
5123/5123 [==============================] - 21s 4ms/step - loss: 0.3871 - acc: 0.8308 - val_loss: 0.6005 - val_acc: 0.7333
Epoch 11/100
5120/5123 [============================>.] - ETA: 0s - loss: 0.3491 - acc: 0.8508 — val_f1: 0.767169 — val_precision: 0.776271 — val_recall 0.758278
5123/5123 [==============================] - 22s 4ms/step - loss: 0.3489 - acc: 0.8509 - val_loss: 0.5239 - val_acc: 0.7561
Epoch 12/100
5120/5123 [============================>.] - ETA: 0s - loss: 0.2994 - acc: 0.8785 — val_f1: 0.792332 — val_precision: 0.765432 — val_recall 0.821192
5123/5123 [==============================] - 22s 4ms/step - loss: 0.2996 - acc: 0.8784 - val_loss: 0.5490 - val_acc: 0.7719
Epoch 13/100
5120/5123 [============================>.] - ETA: 0s - loss: 0.2693 - acc: 0.8951 — val_f1: 0.801980 — val_precision: 0.799342 — val_recall 0.804636
5123/5123 [==============================] - 22s 4ms/step - loss: 0.2697 - acc: 0.8950 - val_loss: 0.5380 - val_acc: 0.7895
Epoch 14/100
5120/5123 [============================>.] - ETA: 0s - loss: 0.2318 - acc: 0.9102 — val_f1: 0.794567 — val_precision: 0.815331 — val_recall 0.774834
5123/5123 [==============================] - 21s 4ms/step - loss: 0.2318 - acc: 0.9102 - val_loss: 0.5650 - val_acc: 0.7877
Epoch 15/100
5120/5123 [============================>.] - ETA: 0s - loss: 0.2084 - acc: 0.9229 — val_f1: 0.792517 — val_precision: 0.814685 — val_recall 0.771523
5123/5123 [==============================] - 21s 4ms/step - loss: 0.2084 - acc: 0.9229 - val_loss: 0.5838 - val_acc: 0.7860
Epoch 16/100
5120/5123 [============================>.] - ETA: 0s - loss: 0.1870 - acc: 0.9264 — val_f1: 0.795302 — val_precision: 0.806122 — val_recall 0.784768
5123/5123 [==============================] - 22s 4ms/step - loss: 0.1871 - acc: 0.9262 - val_loss: 0.6145 - val_acc: 0.7860
Epoch 17/100
5120/5123 [============================>.] - ETA: 0s - loss: 0.1993 - acc: 0.9240 — val_f1: 0.803279 — val_precision: 0.795455 — val_recall 0.811258
5123/5123 [==============================] - 21s 4ms/step - loss: 0.1993 - acc: 0.9241 - val_loss: 0.6080 - val_acc: 0.7895
Epoch 18/100
5120/5123 [============================>.] - ETA: 0s - loss: 0.1502 - acc: 0.9457 — val_f1: 0.793919 — val_precision: 0.810345 — val_recall 0.778146
5123/5123 [==============================] - 21s 4ms/step - loss: 0.1501 - acc: 0.9457 - val_loss: 0.6330 - val_acc: 0.7860
Epoch 19/100
5120/5123 [============================>.] - ETA: 0s - loss: 0.1342 - acc: 0.9535 — val_f1: 0.795953 — val_precision: 0.810997 — val_recall 0.781457
5123/5123 [==============================] - 21s 4ms/step - loss: 0.1342 - acc: 0.9535 - val_loss: 0.6631 - val_acc: 0.7877
Epoch 20/100
5120/5123 [============================>.] - ETA: 0s - loss: 0.1322 - acc: 0.9543 — val_f1: 0.826667 — val_precision: 0.832215 — val_recall 0.821192
5123/5123 [==============================] - 21s 4ms/step - loss: 0.1322 - acc: 0.9543 - val_loss: 0.6482 - val_acc: 0.8175
Epoch 21/100
5120/5123 [============================>.] - ETA: 0s - loss: 0.0944 - acc: 0.9664 — val_f1: 0.808013 — val_precision: 0.814815 — val_recall 0.801325
5123/5123 [==============================] - 21s 4ms/step - loss: 0.0944 - acc: 0.9664 - val_loss: 0.7111 - val_acc: 0.7982
Epoch 22/100
5120/5123 [============================>.] - ETA: 0s - loss: 0.0932 - acc: 0.9674 — val_f1: 0.804714 — val_precision: 0.818493 — val_recall 0.791391
5123/5123 [==============================] - 21s 4ms/step - loss: 0.0931 - acc: 0.9674 - val_loss: 0.7409 - val_acc: 0.7965
Epoch 23/100
5120/5123 [============================>.] - ETA: 0s - loss: 0.0867 - acc: 0.9709 — val_f1: 0.808149 — val_precision: 0.829268 — val_recall 0.788079
5123/5123 [==============================] - 21s 4ms/step - loss: 0.0867 - acc: 0.9709 - val_loss: 0.7179 - val_acc: 0.8018
Epoch 24/100
5120/5123 [============================>.] - ETA: 0s - loss: 0.0769 - acc: 0.9752 — val_f1: 0.824121 — val_precision: 0.833898 — val_recall 0.814570
5123/5123 [==============================] - 21s 4ms/step - loss: 0.0769 - acc: 0.9752 - val_loss: 0.7475 - val_acc: 0.8158
Epoch 25/100
5120/5123 [============================>.] - ETA: 0s - loss: 0.0729 - acc: 0.9766 — val_f1: 0.810169 — val_precision: 0.829861 — val_recall 0.791391
5123/5123 [==============================] - 21s 4ms/step - loss: 0.0728 - acc: 0.9766 - val_loss: 0.7848 - val_acc: 0.8035
Epoch 26/100
5120/5123 [============================>.] - ETA: 0s - loss: 0.0653 - acc: 0.9783 — val_f1: 0.806071 — val_precision: 0.821306 — val_recall 0.791391
5123/5123 [==============================] - 21s 4ms/step - loss: 0.0652 - acc: 0.9783 - val_loss: 0.8279 - val_acc: 0.7982
Epoch 27/100
5120/5123 [============================>.] - ETA: 0s - loss: 0.0773 - acc: 0.9754 — val_f1: 0.810345 — val_precision: 0.845324 — val_recall 0.778146
5123/5123 [==============================] - 21s 4ms/step - loss: 0.0773 - acc: 0.9754 - val_loss: 0.7262 - val_acc: 0.8070
Epoch 28/100
5120/5123 [============================>.] - ETA: 0s - loss: 0.0697 - acc: 0.9775 — val_f1: 0.823529 — val_precision: 0.836177 — val_recall 0.811258
5123/5123 [==============================] - 21s 4ms/step - loss: 0.0697 - acc: 0.9776 - val_loss: 0.7315 - val_acc: 0.8158
Epoch 29/100
5120/5123 [============================>.] - ETA: 0s - loss: 0.0878 - acc: 0.9695 — val_f1: 0.804124 — val_precision: 0.835714 — val_recall 0.774834
5123/5123 [==============================] - 21s 4ms/step - loss: 0.0878 - acc: 0.9695 - val_loss: 0.7741 - val_acc: 0.8000
Epoch 30/100
5120/5123 [============================>.] - ETA: 0s - loss: 0.0560 - acc: 0.9822 — val_f1: 0.811881 — val_precision: 0.809211 — val_recall 0.814570
5123/5123 [==============================] - 21s 4ms/step - loss: 0.0560 - acc: 0.9822 - val_loss: 0.8106 - val_acc: 0.8000
Epoch 31/100
5120/5123 [============================>.] - ETA: 0s - loss: 0.0601 - acc: 0.9797 — val_f1: 0.801997 — val_precision: 0.806020 — val_recall 0.798013
5123/5123 [==============================] - 21s 4ms/step - loss: 0.0601 - acc: 0.9797 - val_loss: 0.8207 - val_acc: 0.7912
Epoch 32/100
5120/5123 [============================>.] - ETA: 0s - loss: 0.0473 - acc: 0.9836 — val_f1: 0.837971 — val_precision: 0.828479 — val_recall 0.847682
5123/5123 [==============================] - 21s 4ms/step - loss: 0.0473 - acc: 0.9836 - val_loss: 0.7404 - val_acc: 0.8263
Epoch 33/100
5120/5123 [============================>.] - ETA: 0s - loss: 0.0453 - acc: 0.9846 — val_f1: 0.819237 — val_precision: 0.820598 — val_recall 0.817881
5123/5123 [==============================] - 21s 4ms/step - loss: 0.0453 - acc: 0.9846 - val_loss: 0.8099 - val_acc: 0.8088
Epoch 34/100

